Mon Oct  7 22:25:03 2019: generate_static_index_html
Mon Oct  7 22:30:03 2019: generate_static_index_html
Mon Oct  7 22:35:03 2019: generate_static_index_html
Mon Oct  7 22:40:05 2019: generate_static_index_html
Mon Oct  7 22:45:02 2019: generate_static_index_html
Mon Oct  7 22:50:03 2019: generate_static_index_html
Mon Oct  7 22:55:05 2019: generate_static_index_html
Mon Oct  7 23:00:04 2019: generate_static_index_html
Tue Oct  8 08:10:49 2019: generate_static_index_html
Tue Oct  8 08:15:15 2019: generate_static_index_html
Tue Oct  8 08:20:10 2019: generate_static_index_html
Tue Oct  8 08:25:02 2019: generate_static_index_html
Tue Oct  8 08:30:02 2019: generate_static_index_html
Tue Oct  8 08:35:03 2019: generate_static_index_html
Tue Oct  8 08:40:12 2019: generate_static_index_html
Tue Oct  8 08:45:05 2019: generate_static_index_html
Tue Oct  8 08:50:03 2019: generate_static_index_html
Tue Oct  8 08:55:06 2019: generate_static_index_html
Tue Oct  8 09:00:03 2019: generate_static_index_html
Tue Oct  8 09:05:02 2019: generate_static_index_html
Tue Oct  8 09:10:03 2019: generate_static_index_html
Tue Oct  8 09:15:03 2019: generate_static_index_html
Tue Oct  8 09:25:10 2019: generate_static_index_html
Tue Oct  8 09:30:03 2019: generate_static_index_html
Tue Oct  8 09:35:02 2019: generate_static_index_html
Tue Oct  8 09:40:02 2019: generate_static_index_html
Tue Oct  8 09:45:02 2019: generate_static_index_html
Tue Oct  8 09:50:03 2019: generate_static_index_html
Tue Oct  8 09:55:05 2019: generate_static_index_html
Tue Oct  8 10:00:07 2019: generate_static_index_html
Tue Oct  8 10:05:04 2019: generate_static_index_html
Tue Oct  8 10:10:02 2019: generate_static_index_html
Tue Oct  8 10:15:03 2019: generate_static_index_html
Tue Oct  8 10:20:02 2019: generate_static_index_html
Tue Oct  8 10:25:12 2019: generate_static_index_html
Tue Oct  8 10:30:04 2019: generate_static_index_html
Tue Oct  8 10:35:04 2019: generate_static_index_html
Tue Oct  8 10:40:10 2019: generate_static_index_html
Tue Oct  8 10:45:03 2019: generate_static_index_html
Tue Oct  8 10:50:03 2019: generate_static_index_html
Tue Oct  8 10:55:05 2019: generate_static_index_html
Tue Oct  8 11:00:15 2019: generate_static_index_html
Tue Oct  8 11:05:08 2019: generate_static_index_html
Tue Oct  8 11:10:04 2019: generate_static_index_html
Tue Oct  8 11:15:05 2019: generate_static_index_html
Tue Oct  8 11:20:05 2019: generate_static_index_html
Tue Oct  8 11:25:06 2019: generate_static_index_html
Tue Oct  8 11:35:03 2019: generate_static_index_html
Tue Oct  8 11:40:03 2019: generate_static_index_html
Tue Oct  8 11:45:11 2019: generate_static_index_html
Tue Oct  8 11:50:06 2019: generate_static_index_html
Tue Oct  8 11:55:07 2019: generate_static_index_html
Tue Oct  8 12:00:03 2019: generate_static_index_html
Tue Oct  8 12:05:02 2019: generate_static_index_html
Tue Oct  8 12:10:02 2019: generate_static_index_html
Tue Oct  8 12:15:04 2019: generate_static_index_html
Tue Oct  8 12:20:04 2019: generate_static_index_html
Tue Oct  8 12:25:03 2019: generate_static_index_html
Tue Oct  8 12:30:03 2019: generate_static_index_html
Tue Oct  8 12:35:02 2019: generate_static_index_html
Tue Oct  8 12:40:02 2019: generate_static_index_html
Tue Oct  8 12:45:03 2019: generate_static_index_html
Tue Oct  8 12:50:03 2019: generate_static_index_html
Tue Oct  8 12:55:03 2019: generate_static_index_html
Tue Oct  8 13:00:03 2019: generate_static_index_html
Tue Oct  8 13:05:10 2019: generate_static_index_html
Tue Oct  8 13:10:03 2019: generate_static_index_html
Tue Oct  8 13:15:05 2019: generate_static_index_html
Tue Oct  8 13:20:06 2019: generate_static_index_html
Tue Oct  8 13:25:07 2019: generate_static_index_html
Tue Oct  8 13:30:05 2019: generate_static_index_html
Tue Oct  8 13:35:14 2019: generate_static_index_html
Tue Oct  8 13:40:05 2019: generate_static_index_html
Tue Oct  8 13:45:03 2019: generate_static_index_html
Tue Oct  8 13:50:28 2019: generate_static_index_html
Tue Oct  8 13:55:17 2019: generate_static_index_html
Tue Oct  8 14:00:08 2019: generate_static_index_html
Tue Oct  8 14:05:03 2019: generate_static_index_html
Tue Oct  8 14:10:06 2019: generate_static_index_html
Tue Oct  8 14:15:18 2019: generate_static_index_html
Tue Oct  8 14:20:08 2019: generate_static_index_html
Tue Oct  8 14:25:02 2019: generate_static_index_html
Tue Oct  8 14:30:03 2019: generate_static_index_html
Tue Oct  8 14:35:02 2019: generate_static_index_html
Tue Oct  8 14:40:03 2019: generate_static_index_html
Tue Oct  8 14:45:02 2019: generate_static_index_html
Tue Oct  8 14:50:02 2019: generate_static_index_html
Tue Oct  8 14:55:02 2019: generate_static_index_html
Tue Oct  8 15:00:02 2019: generate_static_index_html
Tue Oct  8 15:05:03 2019: generate_static_index_html
Tue Oct  8 15:10:07 2019: generate_static_index_html
Tue Oct  8 15:15:02 2019: generate_static_index_html
Tue Oct  8 15:20:03 2019: generate_static_index_html
Tue Oct  8 15:25:03 2019: generate_static_index_html
Tue Oct  8 15:30:04 2019: generate_static_index_html
Tue Oct  8 15:35:03 2019: generate_static_index_html
Tue Oct  8 15:40:03 2019: generate_static_index_html
Tue Oct  8 15:45:02 2019: generate_static_index_html
Tue Oct  8 15:50:03 2019: generate_static_index_html
Tue Oct  8 15:55:03 2019: generate_static_index_html
Tue Oct  8 16:00:02 2019: generate_static_index_html
Tue Oct  8 16:05:13 2019: generate_static_index_html
Tue Oct  8 16:10:04 2019: generate_static_index_html
Tue Oct  8 16:15:04 2019: generate_static_index_html
Tue Oct  8 16:20:05 2019: generate_static_index_html
Tue Oct  8 16:25:05 2019: generate_static_index_html
Tue Oct  8 16:30:03 2019: generate_static_index_html
Tue Oct  8 16:35:04 2019: generate_static_index_html
Tue Oct  8 16:40:05 2019: generate_static_index_html
Tue Oct  8 16:45:06 2019: generate_static_index_html
Tue Oct  8 16:50:07 2019: generate_static_index_html
Tue Oct  8 16:55:07 2019: generate_static_index_html
Tue Oct  8 17:00:04 2019: generate_static_index_html
Tue Oct  8 17:05:10 2019: generate_static_index_html
Tue Oct  8 17:10:04 2019: generate_static_index_html
Tue Oct  8 17:15:04 2019: generate_static_index_html
Tue Oct  8 17:20:11 2019: generate_static_index_html
Tue Oct  8 17:25:05 2019: generate_static_index_html
Tue Oct  8 17:30:05 2019: generate_static_index_html
Tue Oct  8 17:35:25 2019: generate_static_index_html
Tue Oct  8 17:40:09 2019: generate_static_index_html
Tue Oct  8 17:45:07 2019: generate_static_index_html
Tue Oct  8 17:50:08 2019: generate_static_index_html
Tue Oct  8 17:55:09 2019: generate_static_index_html
Tue Oct  8 18:00:08 2019: generate_static_index_html
Tue Oct  8 18:05:10 2019: generate_static_index_html
Tue Oct  8 18:10:21 2019: generate_static_index_html
Tue Oct  8 18:15:14 2019: generate_static_index_html
Tue Oct  8 18:20:03 2019: generate_static_index_html
Tue Oct  8 18:25:03 2019: generate_static_index_html
Tue Oct  8 18:30:04 2019: generate_static_index_html
Tue Oct  8 18:35:04 2019: generate_static_index_html
Tue Oct  8 18:40:09 2019: generate_static_index_html
Tue Oct  8 18:45:04 2019: generate_static_index_html
Tue Oct  8 18:50:07 2019: generate_static_index_html
Tue Oct  8 18:55:08 2019: generate_static_index_html
Tue Oct  8 19:00:03 2019: generate_static_index_html
Tue Oct  8 19:05:11 2019: generate_static_index_html
Tue Oct  8 19:10:08 2019: generate_static_index_html
Tue Oct  8 19:15:09 2019: generate_static_index_html
Tue Oct  8 19:20:11 2019: generate_static_index_html
Tue Oct  8 19:25:07 2019: generate_static_index_html
Tue Oct  8 19:30:08 2019: generate_static_index_html
Tue Oct  8 19:35:08 2019: generate_static_index_html
Tue Oct  8 19:40:08 2019: generate_static_index_html
Tue Oct  8 19:45:08 2019: generate_static_index_html
Tue Oct  8 19:50:08 2019: generate_static_index_html
Tue Oct  8 19:55:09 2019: generate_static_index_html
Tue Oct  8 20:00:09 2019: generate_static_index_html
Tue Oct  8 20:05:07 2019: generate_static_index_html
Tue Oct  8 20:10:07 2019: generate_static_index_html
Tue Oct  8 20:15:15 2019: generate_static_index_html
Tue Oct  8 20:20:26 2019: generate_static_index_html
Tue Oct  8 20:25:13 2019: generate_static_index_html
Tue Oct  8 20:30:07 2019: generate_static_index_html
Tue Oct  8 20:35:05 2019: generate_static_index_html
Tue Oct  8 20:40:07 2019: generate_static_index_html
Tue Oct  8 20:46:44 2019: generate_static_index_html
Tue Oct  8 20:50:10 2019: generate_static_index_html
Wed Oct  9 10:25:04 2019: generate_static_index_html
Wed Oct  9 10:30:08 2019: generate_static_index_html
Wed Oct  9 10:35:03 2019: generate_static_index_html
Wed Oct  9 10:40:03 2019: generate_static_index_html
Wed Oct  9 10:45:06 2019: generate_static_index_html
Wed Oct  9 10:50:02 2019: generate_static_index_html
Wed Oct  9 10:55:02 2019: generate_static_index_html
Wed Oct  9 11:00:03 2019: generate_static_index_html
Wed Oct  9 11:05:05 2019: generate_static_index_html
Wed Oct  9 11:10:05 2019: generate_static_index_html
Wed Oct  9 11:15:02 2019: generate_static_index_html
Wed Oct  9 11:20:03 2019: generate_static_index_html
Wed Oct  9 11:25:02 2019: generate_static_index_html
Wed Oct  9 11:30:02 2019: generate_static_index_html
Wed Oct  9 11:35:04 2019: generate_static_index_html
Wed Oct  9 11:40:27 2019: generate_static_index_html
Wed Oct  9 11:45:23 2019: generate_static_index_html
Wed Oct  9 11:50:03 2019: generate_static_index_html
Wed Oct  9 11:55:02 2019: generate_static_index_html
Wed Oct  9 12:00:02 2019: generate_static_index_html
Wed Oct  9 12:05:03 2019: generate_static_index_html
Wed Oct  9 12:10:02 2019: generate_static_index_html
Wed Oct  9 12:15:02 2019: generate_static_index_html
Wed Oct  9 12:20:02 2019: generate_static_index_html
Wed Oct  9 12:25:02 2019: generate_static_index_html
Wed Oct  9 12:30:03 2019: generate_static_index_html
Wed Oct  9 12:35:02 2019: generate_static_index_html
Wed Oct  9 12:40:02 2019: generate_static_index_html
Wed Oct  9 12:45:02 2019: generate_static_index_html
Wed Oct  9 12:50:02 2019: generate_static_index_html
Wed Oct  9 12:55:07 2019: generate_static_index_html
Wed Oct  9 13:00:32 2019: generate_static_index_html
Wed Oct  9 13:05:05 2019: generate_static_index_html
Wed Oct  9 13:10:03 2019: generate_static_index_html
Wed Oct  9 13:15:03 2019: generate_static_index_html
Wed Oct  9 13:20:04 2019: generate_static_index_html
Wed Oct  9 13:25:03 2019: generate_static_index_html
Wed Oct  9 13:30:02 2019: generate_static_index_html
Wed Oct  9 13:35:02 2019: generate_static_index_html
Wed Oct  9 13:40:02 2019: generate_static_index_html
Wed Oct  9 13:45:03 2019: generate_static_index_html
Wed Oct  9 13:50:03 2019: generate_static_index_html
Wed Oct  9 13:55:03 2019: generate_static_index_html
Wed Oct  9 14:00:03 2019: generate_static_index_html
Wed Oct  9 14:05:03 2019: generate_static_index_html
Wed Oct  9 14:10:20 2019: generate_static_index_html
Wed Oct  9 14:15:13 2019: generate_static_index_html
Wed Oct  9 14:20:12 2019: generate_static_index_html
Wed Oct  9 14:25:03 2019: generate_static_index_html
Wed Oct  9 14:30:02 2019: generate_static_index_html
Wed Oct  9 14:35:02 2019: generate_static_index_html
Wed Oct  9 14:40:12 2019: generate_static_index_html
Wed Oct  9 14:45:08 2019: generate_static_index_html
Wed Oct  9 15:10:22 2019: generate_static_index_html
Wed Oct  9 15:15:17 2019: generate_static_index_html
Wed Oct  9 15:20:05 2019: generate_static_index_html
Wed Oct  9 15:25:03 2019: generate_static_index_html
Wed Oct  9 15:35:04 2019: generate_static_index_html
Wed Oct  9 15:40:04 2019: generate_static_index_html
Wed Oct  9 15:45:03 2019: generate_static_index_html
Wed Oct  9 15:50:04 2019: generate_static_index_html
Wed Oct  9 15:55:03 2019: generate_static_index_html
Wed Oct  9 16:00:04 2019: generate_static_index_html
Wed Oct  9 16:05:07 2019: generate_static_index_html
Wed Oct  9 16:10:03 2019: generate_static_index_html
Wed Oct  9 16:15:03 2019: generate_static_index_html
Wed Oct  9 16:20:03 2019: generate_static_index_html
Wed Oct  9 16:25:03 2019: generate_static_index_html
Wed Oct  9 16:30:04 2019: generate_static_index_html
Wed Oct  9 16:35:03 2019: generate_static_index_html
Wed Oct  9 17:15:03 2019: generate_static_index_html
Wed Oct  9 17:20:02 2019: generate_static_index_html
Wed Oct  9 17:25:03 2019: generate_static_index_html
Wed Oct  9 17:30:02 2019: generate_static_index_html
Wed Oct  9 17:35:03 2019: generate_static_index_html
Wed Oct  9 17:41:10 2019: generate_static_index_html
Wed Oct  9 17:45:14 2019: generate_static_index_html
Wed Oct  9 17:50:08 2019: generate_static_index_html
Wed Oct  9 17:55:07 2019: generate_static_index_html
Wed Oct  9 18:00:03 2019: generate_static_index_html
Wed Oct  9 18:05:02 2019: generate_static_index_html
Wed Oct  9 18:10:05 2019: generate_static_index_html
Wed Oct  9 18:15:02 2019: generate_static_index_html
Wed Oct  9 18:20:03 2019: generate_static_index_html
Wed Oct  9 18:25:03 2019: generate_static_index_html
Wed Oct  9 18:30:05 2019: generate_static_index_html
Wed Oct  9 18:35:10 2019: generate_static_index_html
Wed Oct  9 18:40:05 2019: generate_static_index_html
Wed Oct  9 18:45:14 2019: generate_static_index_html
Wed Oct  9 18:50:46 2019: generate_static_index_html
Wed Oct  9 18:55:03 2019: generate_static_index_html
Wed Oct  9 19:00:06 2019: generate_static_index_html
Thu Oct 10 08:20:32 2019: generate_static_index_html
Thu Oct 10 08:25:04 2019: generate_static_index_html
Thu Oct 10 08:30:03 2019: generate_static_index_html
Thu Oct 10 08:35:07 2019: generate_static_index_html
Thu Oct 10 08:40:11 2019: generate_static_index_html
Thu Oct 10 08:45:17 2019: generate_static_index_html
Thu Oct 10 08:50:03 2019: generate_static_index_html
Thu Oct 10 08:55:03 2019: generate_static_index_html
Thu Oct 10 09:00:03 2019: generate_static_index_html
Thu Oct 10 09:05:02 2019: generate_static_index_html
Thu Oct 10 09:10:03 2019: generate_static_index_html
Thu Oct 10 09:15:03 2019: generate_static_index_html
Thu Oct 10 09:20:03 2019: generate_static_index_html
Thu Oct 10 09:25:03 2019: generate_static_index_html
Thu Oct 10 09:30:03 2019: generate_static_index_html
Thu Oct 10 09:35:04 2019: generate_static_index_html
Thu Oct 10 09:40:02 2019: generate_static_index_html
Thu Oct 10 09:45:03 2019: generate_static_index_html
Thu Oct 10 09:50:03 2019: generate_static_index_html
Thu Oct 10 09:55:03 2019: generate_static_index_html
Thu Oct 10 10:00:03 2019: generate_static_index_html
Thu Oct 10 10:05:04 2019: generate_static_index_html
Thu Oct 10 10:10:03 2019: generate_static_index_html
Thu Oct 10 10:15:14 2019: generate_static_index_html
Thu Oct 10 10:20:42 2019: generate_static_index_html
Thu Oct 10 10:25:08 2019: generate_static_index_html
Thu Oct 10 10:30:06 2019: generate_static_index_html
Thu Oct 10 10:35:03 2019: generate_static_index_html
Thu Oct 10 10:40:03 2019: generate_static_index_html
Thu Oct 10 10:45:03 2019: generate_static_index_html
Thu Oct 10 10:50:06 2019: generate_static_index_html
Thu Oct 10 10:55:15 2019: generate_static_index_html
Thu Oct 10 11:00:09 2019: generate_static_index_html
Thu Oct 10 11:05:03 2019: generate_static_index_html
Thu Oct 10 11:10:03 2019: generate_static_index_html
Thu Oct 10 11:15:03 2019: generate_static_index_html
Thu Oct 10 11:20:05 2019: generate_static_index_html
Thu Oct 10 11:25:07 2019: generate_static_index_html
Thu Oct 10 11:30:03 2019: generate_static_index_html
Thu Oct 10 11:35:03 2019: generate_static_index_html
Thu Oct 10 11:40:03 2019: generate_static_index_html
Thu Oct 10 11:45:03 2019: generate_static_index_html
Thu Oct 10 11:50:03 2019: generate_static_index_html
Thu Oct 10 11:55:02 2019: generate_static_index_html
Thu Oct 10 12:00:03 2019: generate_static_index_html
Thu Oct 10 12:05:02 2019: generate_static_index_html
Thu Oct 10 12:10:03 2019: generate_static_index_html
Thu Oct 10 12:15:03 2019: generate_static_index_html
Thu Oct 10 12:20:03 2019: generate_static_index_html
Thu Oct 10 12:25:03 2019: generate_static_index_html
Thu Oct 10 12:30:03 2019: generate_static_index_html
Thu Oct 10 12:35:03 2019: generate_static_index_html
Thu Oct 10 12:40:03 2019: generate_static_index_html
Thu Oct 10 12:45:03 2019: generate_static_index_html
Thu Oct 10 12:50:03 2019: generate_static_index_html
Thu Oct 10 12:55:03 2019: generate_static_index_html
Thu Oct 10 13:00:03 2019: generate_static_index_html
Thu Oct 10 13:05:03 2019: generate_static_index_html
Thu Oct 10 13:10:03 2019: generate_static_index_html
Thu Oct 10 13:15:04 2019: generate_static_index_html
Thu Oct 10 13:20:03 2019: generate_static_index_html
Thu Oct 10 13:25:03 2019: generate_static_index_html
Thu Oct 10 13:30:07 2019: generate_static_index_html
Thu Oct 10 13:35:18 2019: generate_static_index_html
Thu Oct 10 13:40:30 2019: generate_static_index_html
Thu Oct 10 13:45:10 2019: generate_static_index_html
Thu Oct 10 13:50:06 2019: generate_static_index_html
Thu Oct 10 13:55:08 2019: generate_static_index_html
Thu Oct 10 14:00:04 2019: generate_static_index_html
Thu Oct 10 14:05:03 2019: generate_static_index_html
Thu Oct 10 14:10:08 2019: generate_static_index_html
Thu Oct 10 14:15:37 2019: generate_static_index_html
Thu Oct 10 14:20:17 2019: generate_static_index_html
Thu Oct 10 14:25:03 2019: generate_static_index_html
Thu Oct 10 14:30:12 2019: generate_static_index_html
Thu Oct 10 14:35:25 2019: generate_static_index_html
Thu Oct 10 14:40:05 2019: generate_static_index_html
Thu Oct 10 14:45:04 2019: generate_static_index_html
Thu Oct 10 14:50:19 2019: generate_static_index_html
Thu Oct 10 14:55:06 2019: generate_static_index_html
Thu Oct 10 15:00:03 2019: generate_static_index_html
Thu Oct 10 15:05:04 2019: generate_static_index_html
Thu Oct 10 15:10:28 2019: generate_static_index_html
Thu Oct 10 15:15:09 2019: generate_static_index_html
Thu Oct 10 15:20:05 2019: generate_static_index_html
Thu Oct 10 15:25:03 2019: generate_static_index_html
Thu Oct 10 15:30:03 2019: generate_static_index_html
Thu Oct 10 15:35:05 2019: generate_static_index_html
Thu Oct 10 15:40:26 2019: generate_static_index_html
Thu Oct 10 15:45:21 2019: generate_static_index_html
Thu Oct 10 15:50:09 2019: generate_static_index_html
Thu Oct 10 15:55:03 2019: generate_static_index_html
Thu Oct 10 16:00:03 2019: generate_static_index_html
Thu Oct 10 16:05:03 2019: generate_static_index_html
Thu Oct 10 16:10:03 2019: generate_static_index_html
Thu Oct 10 16:15:03 2019: generate_static_index_html
Thu Oct 10 16:20:02 2019: generate_static_index_html
Thu Oct 10 16:25:04 2019: generate_static_index_html
Thu Oct 10 16:30:03 2019: generate_static_index_html
Thu Oct 10 16:35:03 2019: generate_static_index_html
Thu Oct 10 16:40:03 2019: generate_static_index_html
Thu Oct 10 16:45:05 2019: generate_static_index_html
Thu Oct 10 16:50:21 2019: generate_static_index_html
Thu Oct 10 16:55:36 2019: generate_static_index_html
Thu Oct 10 17:00:12 2019: generate_static_index_html
Thu Oct 10 17:05:05 2019: generate_static_index_html
Thu Oct 10 17:10:06 2019: generate_static_index_html
Thu Oct 10 17:15:04 2019: generate_static_index_html
Thu Oct 10 17:20:26 2019: generate_static_index_html
Thu Oct 10 17:25:07 2019: generate_static_index_html
Thu Oct 10 17:30:03 2019: generate_static_index_html
Thu Oct 10 17:35:03 2019: generate_static_index_html
Thu Oct 10 17:40:03 2019: generate_static_index_html
Thu Oct 10 17:45:03 2019: generate_static_index_html
Thu Oct 10 17:50:02 2019: generate_static_index_html
Thu Oct 10 17:55:06 2019: generate_static_index_html
Thu Oct 10 18:00:03 2019: generate_static_index_html
Thu Oct 10 18:05:03 2019: generate_static_index_html
Thu Oct 10 18:10:03 2019: generate_static_index_html
Thu Oct 10 18:15:03 2019: generate_static_index_html
Thu Oct 10 18:20:03 2019: generate_static_index_html
Thu Oct 10 18:25:03 2019: generate_static_index_html
Thu Oct 10 18:30:36 2019: generate_static_index_html
Thu Oct 10 18:35:27 2019: generate_static_index_html
Thu Oct 10 18:40:21 2019: generate_static_index_html
Thu Oct 10 18:45:10 2019: generate_static_index_html
Thu Oct 10 18:50:38 2019: generate_static_index_html
Thu Oct 10 18:55:21 2019: generate_static_index_html
Thu Oct 10 19:00:12 2019: generate_static_index_html
Thu Oct 10 19:05:18 2019: generate_static_index_html
Thu Oct 10 19:10:17 2019: generate_static_index_html
Thu Oct 10 19:15:07 2019: generate_static_index_html
Thu Oct 10 19:20:03 2019: generate_static_index_html
Thu Oct 10 19:25:03 2019: generate_static_index_html
Thu Oct 10 19:30:05 2019: generate_static_index_html
Thu Oct 10 19:35:03 2019: generate_static_index_html
Thu Oct 10 19:40:38 2019: generate_static_index_html
Thu Oct 10 19:45:15 2019: generate_static_index_html
Thu Oct 10 19:50:05 2019: generate_static_index_html
Thu Oct 10 19:55:03 2019: generate_static_index_html
Thu Oct 10 20:00:03 2019: generate_static_index_html
Thu Oct 10 20:05:08 2019: generate_static_index_html
Thu Oct 10 20:10:19 2019: generate_static_index_html
Thu Oct 10 20:15:03 2019: generate_static_index_html
Thu Oct 10 20:20:03 2019: generate_static_index_html
Thu Oct 10 20:25:11 2019: generate_static_index_html
Thu Oct 10 20:30:09 2019: generate_static_index_html
Thu Oct 10 20:35:08 2019: generate_static_index_html
Thu Oct 10 20:40:07 2019: generate_static_index_html
Thu Oct 10 20:45:08 2019: generate_static_index_html
Thu Oct 10 20:50:07 2019: generate_static_index_html
Thu Oct 10 20:55:12 2019: generate_static_index_html
Thu Oct 10 21:00:04 2019: generate_static_index_html
Thu Oct 10 21:05:07 2019: generate_static_index_html
Thu Oct 10 21:10:03 2019: generate_static_index_html
Thu Oct 10 21:15:03 2019: generate_static_index_html
Thu Oct 10 21:20:03 2019: generate_static_index_html
Thu Oct 10 21:25:03 2019: generate_static_index_html
Thu Oct 10 22:15:11 2019: generate_static_index_html
Thu Oct 10 22:20:03 2019: generate_static_index_html
Thu Oct 10 22:25:04 2019: generate_static_index_html
Thu Oct 10 22:30:04 2019: generate_static_index_html
Thu Oct 10 22:58:51 2019: generate_static_index_html
Thu Oct 10 23:00:03 2019: generate_static_index_html
Thu Oct 10 23:05:04 2019: generate_static_index_html
Thu Oct 10 23:10:04 2019: generate_static_index_html
Fri Oct 11 08:05:26 2019: generate_static_index_html
Fri Oct 11 08:10:26 2019: generate_static_index_html
Fri Oct 11 08:15:06 2019: generate_static_index_html
Fri Oct 11 08:20:03 2019: generate_static_index_html
Fri Oct 11 08:25:08 2019: generate_static_index_html
Fri Oct 11 08:30:09 2019: generate_static_index_html
Fri Oct 11 08:35:07 2019: generate_static_index_html
Fri Oct 11 08:40:04 2019: generate_static_index_html
Fri Oct 11 08:45:04 2019: generate_static_index_html
Fri Oct 11 08:50:03 2019: generate_static_index_html
Fri Oct 11 08:55:02 2019: generate_static_index_html
Fri Oct 11 09:00:04 2019: generate_static_index_html
Fri Oct 11 09:05:38 2019: generate_static_index_html
Fri Oct 11 09:50:06 2019: generate_static_index_html
Fri Oct 11 10:00:02 2019: generate_static_index_html
Fri Oct 11 10:15:03 2019: generate_static_index_html
Fri Oct 11 10:40:04 2019: generate_static_index_html
Fri Oct 11 10:50:02 2019: generate_static_index_html
Fri Oct 11 10:55:05 2019: generate_static_index_html
Fri Oct 11 11:10:03 2019: generate_static_index_html
Fri Oct 11 11:27:05 2019: generate_static_index_html
Fri Oct 11 11:30:40 2019: generate_static_index_html
Fri Oct 11 12:45:03 2019: generate_static_index_html
Fri Oct 11 13:00:03 2019: generate_static_index_html
Fri Oct 11 13:05:03 2019: generate_static_index_html
Fri Oct 11 13:10:02 2019: generate_static_index_html
Fri Oct 11 13:15:03 2019: generate_static_index_html
Fri Oct 11 13:20:03 2019: generate_static_index_html
Fri Oct 11 13:30:03 2019: generate_static_index_html
Fri Oct 11 13:45:03 2019: generate_static_index_html
Fri Oct 11 13:50:03 2019: generate_static_index_html
Fri Oct 11 14:00:03 2019: generate_static_index_html
Fri Oct 11 14:15:04 2019: generate_static_index_html
Fri Oct 11 14:35:05 2019: generate_static_index_html
Fri Oct 11 14:40:02 2019: generate_static_index_html
Fri Oct 11 14:45:11 2019: generate_static_index_html
Fri Oct 11 14:50:06 2019: generate_static_index_html
Fri Oct 11 15:00:06 2019: generate_static_index_html
Fri Oct 11 15:05:05 2019: generate_static_index_html
Fri Oct 11 15:10:20 2019: generate_static_index_html
Fri Oct 11 15:20:05 2019: generate_static_index_html
Fri Oct 11 15:30:03 2019: generate_static_index_html
Fri Oct 11 15:35:03 2019: generate_static_index_html
Fri Oct 11 15:50:04 2019: generate_static_index_html
Fri Oct 11 16:20:03 2019: generate_static_index_html
Fri Oct 11 16:25:03 2019: generate_static_index_html
Fri Oct 11 16:35:11 2019: generate_static_index_html
Fri Oct 11 16:50:07 2019: generate_static_index_html
Fri Oct 11 17:10:19 2019: generate_static_index_html
Fri Oct 11 17:40:08 2019: generate_static_index_html
Fri Oct 11 17:55:03 2019: generate_static_index_html
Fri Oct 11 18:15:09 2019: generate_static_index_html
Fri Oct 11 18:25:03 2019: generate_static_index_html
Fri Oct 11 18:35:06 2019: generate_static_index_html
Fri Oct 11 18:45:24 2019: generate_static_index_html
Fri Oct 11 18:50:03 2019: generate_static_index_html
Fri Oct 11 18:56:06 2019: generate_static_index_html
Fri Oct 11 19:00:04 2019: generate_static_index_html
Fri Oct 11 19:05:03 2019: generate_static_index_html
Fri Oct 11 19:10:03 2019: generate_static_index_html
Fri Oct 11 19:15:03 2019: generate_static_index_html
Fri Oct 11 19:20:31 2019: generate_static_index_html
Fri Oct 11 19:30:04 2019: generate_static_index_html
Fri Oct 11 19:35:03 2019: generate_static_index_html
Fri Oct 11 19:45:03 2019: generate_static_index_html
Fri Oct 11 19:50:02 2019: generate_static_index_html
Fri Oct 11 19:55:03 2019: generate_static_index_html
Fri Oct 11 20:05:05 2019: generate_static_index_html
Fri Oct 11 20:10:04 2019: generate_static_index_html
Fri Oct 11 20:30:03 2019: generate_static_index_html
Fri Oct 11 20:35:03 2019: generate_static_index_html
Fri Oct 11 20:45:03 2019: generate_static_index_html
Fri Oct 11 20:55:02 2019: generate_static_index_html
Fri Oct 11 21:00:03 2019: generate_static_index_html
Fri Oct 11 21:05:03 2019: generate_static_index_html
Fri Oct 11 21:20:18 2019: generate_static_index_html
Fri Oct 11 21:25:15 2019: generate_static_index_html
Fri Oct 11 21:30:08 2019: generate_static_index_html
Fri Oct 11 21:39:07 2019: generate_static_index_html
Fri Oct 11 21:40:09 2019: generate_static_index_html
Fri Oct 11 21:45:11 2019: generate_static_index_html
Fri Oct 11 21:50:03 2019: generate_static_index_html
Fri Oct 11 21:55:03 2019: generate_static_index_html
Fri Oct 11 22:00:02 2019: generate_static_index_html
Fri Oct 11 22:05:03 2019: generate_static_index_html
Fri Oct 11 22:10:03 2019: generate_static_index_html
Fri Oct 11 22:15:03 2019: generate_static_index_html
Sat Oct 12 01:20:02 2019: generate_static_index_html
Sat Oct 12 09:45:34 2019: generate_static_index_html
Sat Oct 12 09:50:03 2019: generate_static_index_html
Sat Oct 12 09:55:02 2019: generate_static_index_html
Sat Oct 12 10:25:02 2019: generate_static_index_html
Sat Oct 12 10:40:03 2019: generate_static_index_html
Sat Oct 12 10:45:03 2019: generate_static_index_html
Sat Oct 12 10:50:02 2019: generate_static_index_html
Sat Oct 12 10:55:02 2019: generate_static_index_html
Sat Oct 12 11:05:03 2019: generate_static_index_html
Sat Oct 12 11:10:02 2019: generate_static_index_html
Sat Oct 12 11:20:02 2019: generate_static_index_html
Sat Oct 12 11:30:03 2019: generate_static_index_html
Sat Oct 12 11:40:02 2019: generate_static_index_html
Sat Oct 12 11:45:02 2019: generate_static_index_html
Sat Oct 12 11:50:03 2019: generate_static_index_html
Sat Oct 12 12:05:02 2019: generate_static_index_html
Sat Oct 12 12:10:02 2019: generate_static_index_html
Sat Oct 12 12:15:03 2019: generate_static_index_html
Sat Oct 12 12:45:02 2019: generate_static_index_html
Sat Oct 12 13:05:02 2019: generate_static_index_html
Sat Oct 12 13:15:03 2019: generate_static_index_html
Sat Oct 12 13:30:04 2019: generate_static_index_html
Sat Oct 12 13:45:04 2019: generate_static_index_html
Sat Oct 12 13:50:04 2019: generate_static_index_html
Sat Oct 12 13:55:04 2019: generate_static_index_html
Sat Oct 12 14:00:04 2019: generate_static_index_html
Sat Oct 12 14:20:03 2019: generate_static_index_html
Sat Oct 12 14:30:04 2019: generate_static_index_html
Sat Oct 12 14:35:04 2019: generate_static_index_html
Sat Oct 12 15:05:04 2019: generate_static_index_html
Sat Oct 12 15:10:04 2019: generate_static_index_html
Sat Oct 12 15:20:03 2019: generate_static_index_html
Sat Oct 12 15:45:03 2019: generate_static_index_html
Sat Oct 12 15:55:02 2019: generate_static_index_html
Sat Oct 12 16:00:02 2019: generate_static_index_html
Sat Oct 12 16:15:04 2019: generate_static_index_html
Sat Oct 12 16:28:32 2019: generate_static_index_html
Sat Oct 12 16:33:15 2019: generate_static_index_html
Sat Oct 12 16:35:04 2019: generate_static_index_html
Sat Oct 12 16:45:03 2019: generate_static_index_html
Sat Oct 12 16:50:03 2019: generate_static_index_html
Sat Oct 12 17:00:03 2019: generate_static_index_html
Sat Oct 12 17:05:03 2019: generate_static_index_html
Sat Oct 12 17:15:03 2019: generate_static_index_html
Sat Oct 12 17:20:03 2019: generate_static_index_html
Sat Oct 12 17:25:03 2019: generate_static_index_html
Sat Oct 12 17:30:02 2019: generate_static_index_html
Sat Oct 12 17:35:03 2019: generate_static_index_html
Sat Oct 12 17:40:03 2019: generate_static_index_html
Sat Oct 12 17:55:08 2019: generate_static_index_html
Sat Oct 12 18:05:04 2019: generate_static_index_html
Sat Oct 12 18:10:04 2019: generate_static_index_html
Sat Oct 12 18:35:04 2019: generate_static_index_html
Sat Oct 12 18:45:46 2019: generate_static_index_html
Sat Oct 12 18:55:21 2019: generate_static_index_html
Sat Oct 12 19:05:11 2019: generate_static_index_html
Sat Oct 12 19:10:27 2019: generate_static_index_html
Sat Oct 12 19:15:22 2019: generate_static_index_html
Sat Oct 12 19:20:05 2019: generate_static_index_html
Sat Oct 12 19:25:02 2019: generate_static_index_html
Sat Oct 12 19:30:16 2019: generate_static_index_html
Sat Oct 12 19:35:07 2019: generate_static_index_html
Sat Oct 12 19:40:37 2019: generate_static_index_html
Sat Oct 12 19:45:10 2019: generate_static_index_html
Sat Oct 12 19:50:11 2019: generate_static_index_html
Sat Oct 12 19:55:08 2019: generate_static_index_html
Sat Oct 12 20:00:03 2019: generate_static_index_html
Sat Oct 12 20:05:03 2019: generate_static_index_html
Sat Oct 12 20:10:02 2019: generate_static_index_html
Sat Oct 12 20:15:03 2019: generate_static_index_html
Sat Oct 12 20:20:03 2019: generate_static_index_html
Sat Oct 12 20:25:29 2019: generate_static_index_html
Sat Oct 12 20:30:25 2019: generate_static_index_html
Sat Oct 12 20:35:10 2019: generate_static_index_html
Sat Oct 12 20:40:06 2019: generate_static_index_html
Sat Oct 12 20:45:06 2019: generate_static_index_html
Sat Oct 12 20:50:03 2019: generate_static_index_html
Sat Oct 12 20:55:03 2019: generate_static_index_html
Sat Oct 12 21:00:03 2019: generate_static_index_html
Sat Oct 12 21:05:02 2019: generate_static_index_html
Sat Oct 12 21:10:03 2019: generate_static_index_html
Sat Oct 12 21:15:04 2019: generate_static_index_html
Sat Oct 12 21:20:12 2019: generate_static_index_html
Sat Oct 12 21:25:11 2019: generate_static_index_html
Sat Oct 12 21:30:03 2019: generate_static_index_html
Sat Oct 12 21:35:03 2019: generate_static_index_html
Sat Oct 12 21:40:03 2019: generate_static_index_html
Sat Oct 12 21:45:47 2019: generate_static_index_html
Sat Oct 12 21:50:13 2019: generate_static_index_html
Sat Oct 12 21:55:07 2019: generate_static_index_html
Sat Oct 12 22:00:08 2019: generate_static_index_html
Sat Oct 12 22:05:03 2019: generate_static_index_html
Sat Oct 12 22:10:07 2019: generate_static_index_html
Sat Oct 12 22:15:03 2019: generate_static_index_html
Sat Oct 12 22:20:03 2019: generate_static_index_html
Sat Oct 12 22:25:03 2019: generate_static_index_html
Sat Oct 12 22:30:03 2019: generate_static_index_html
Sat Oct 12 22:35:03 2019: generate_static_index_html
Sat Oct 12 22:40:03 2019: generate_static_index_html
Sat Oct 12 22:45:10 2019: generate_static_index_html
Sat Oct 12 22:50:17 2019: generate_static_index_html
Sat Oct 12 22:55:18 2019: generate_static_index_html
Sat Oct 12 23:00:55 2019: generate_static_index_html
Sat Oct 12 23:05:40 2019: generate_static_index_html
Sat Oct 12 23:10:03 2019: generate_static_index_html
Sun Oct 13 08:38:45 2019: generate_static_index_html
Sun Oct 13 08:45:24 2019: generate_static_index_html
Sun Oct 13 08:50:19 2019: generate_static_index_html
Sun Oct 13 08:55:03 2019: generate_static_index_html
Sun Oct 13 09:00:03 2019: generate_static_index_html
Sun Oct 13 09:05:03 2019: generate_static_index_html
Sun Oct 13 09:15:03 2019: generate_static_index_html
Sun Oct 13 09:25:03 2019: generate_static_index_html
Sun Oct 13 09:30:03 2019: generate_static_index_html
Sun Oct 13 09:35:02 2019: generate_static_index_html
Sun Oct 13 09:40:03 2019: generate_static_index_html
Sun Oct 13 09:45:02 2019: generate_static_index_html
Sun Oct 13 09:50:02 2019: generate_static_index_html
Sun Oct 13 09:55:03 2019: generate_static_index_html
Sun Oct 13 10:00:03 2019: generate_static_index_html
Sun Oct 13 10:05:05 2019: generate_static_index_html
Sun Oct 13 10:10:06 2019: generate_static_index_html
Sun Oct 13 10:16:11 2019: generate_static_index_html
Sun Oct 13 10:20:55 2019: generate_static_index_html
Sun Oct 13 10:25:26 2019: generate_static_index_html
Sun Oct 13 10:30:09 2019: generate_static_index_html
Sun Oct 13 10:35:05 2019: generate_static_index_html
Sun Oct 13 10:40:04 2019: generate_static_index_html
Sun Oct 13 10:45:03 2019: generate_static_index_html
Sun Oct 13 10:50:29 2019: generate_static_index_html
Sun Oct 13 10:55:26 2019: generate_static_index_html
Sun Oct 13 11:00:08 2019: generate_static_index_html
Sun Oct 13 11:05:03 2019: generate_static_index_html
Sun Oct 13 11:10:06 2019: generate_static_index_html
Sun Oct 13 11:15:04 2019: generate_static_index_html
Sun Oct 13 11:20:03 2019: generate_static_index_html
Sun Oct 13 11:25:05 2019: generate_static_index_html
Sun Oct 13 11:30:05 2019: generate_static_index_html
Sun Oct 13 11:35:23 2019: generate_static_index_html
Sun Oct 13 11:40:09 2019: generate_static_index_html
Sun Oct 13 11:45:10 2019: generate_static_index_html
Sun Oct 13 11:50:11 2019: generate_static_index_html
Sun Oct 13 11:55:26 2019: generate_static_index_html
Sun Oct 13 12:00:14 2019: generate_static_index_html
Sun Oct 13 12:05:10 2019: generate_static_index_html
Sun Oct 13 12:10:03 2019: generate_static_index_html
Sun Oct 13 12:15:07 2019: generate_static_index_html
Sun Oct 13 12:20:03 2019: generate_static_index_html
Sun Oct 13 12:25:03 2019: generate_static_index_html
Sun Oct 13 12:31:21 2019: generate_static_index_html
Sun Oct 13 12:35:07 2019: generate_static_index_html
Sun Oct 13 12:40:06 2019: generate_static_index_html
Sun Oct 13 12:45:04 2019: generate_static_index_html
Sun Oct 13 12:50:04 2019: generate_static_index_html
Sun Oct 13 12:55:04 2019: generate_static_index_html
Sun Oct 13 13:00:03 2019: generate_static_index_html
Sun Oct 13 13:05:03 2019: generate_static_index_html
Sun Oct 13 13:10:03 2019: generate_static_index_html
Sun Oct 13 13:15:02 2019: generate_static_index_html
Sun Oct 13 13:20:05 2019: generate_static_index_html
Sun Oct 13 13:25:04 2019: generate_static_index_html
Sun Oct 13 13:30:48 2019: generate_static_index_html
Sun Oct 13 13:35:05 2019: generate_static_index_html
Sun Oct 13 13:40:31 2019: generate_static_index_html
Sun Oct 13 13:45:19 2019: generate_static_index_html
Sun Oct 13 13:50:25 2019: generate_static_index_html
Sun Oct 13 13:55:11 2019: generate_static_index_html
Sun Oct 13 14:00:04 2019: generate_static_index_html
Sun Oct 13 14:05:40 2019: generate_static_index_html
Sun Oct 13 14:10:07 2019: generate_static_index_html
Sun Oct 13 14:15:03 2019: generate_static_index_html
Sun Oct 13 14:20:10 2019: generate_static_index_html
Sun Oct 13 14:25:03 2019: generate_static_index_html
Sun Oct 13 14:30:06 2019: generate_static_index_html
Sun Oct 13 14:35:06 2019: generate_static_index_html
Sun Oct 13 14:40:32 2019: generate_static_index_html
Sun Oct 13 14:45:15 2019: generate_static_index_html
Sun Oct 13 14:50:19 2019: generate_static_index_html
Sun Oct 13 14:55:14 2019: generate_static_index_html
Sun Oct 13 15:00:09 2019: generate_static_index_html
Sun Oct 13 15:05:19 2019: generate_static_index_html
Sun Oct 13 15:10:08 2019: generate_static_index_html
Sun Oct 13 15:15:09 2019: generate_static_index_html
Sun Oct 13 15:20:04 2019: generate_static_index_html
Sun Oct 13 15:25:04 2019: generate_static_index_html
Sun Oct 13 15:30:08 2019: generate_static_index_html
Sun Oct 13 15:35:24 2019: generate_static_index_html
Sun Oct 13 15:40:09 2019: generate_static_index_html
Sun Oct 13 15:45:26 2019: generate_static_index_html
Sun Oct 13 15:50:44 2019: generate_static_index_html
Sun Oct 13 15:55:39 2019: generate_static_index_html
Sun Oct 13 16:00:34 2019: generate_static_index_html
Sun Oct 13 16:05:30 2019: generate_static_index_html
Sun Oct 13 16:10:03 2019: generate_static_index_html
Sun Oct 13 16:15:22 2019: generate_static_index_html
Sun Oct 13 16:20:09 2019: generate_static_index_html
Sun Oct 13 16:25:24 2019: generate_static_index_html
Sun Oct 13 16:30:08 2019: generate_static_index_html
Sun Oct 13 16:35:05 2019: generate_static_index_html
Sun Oct 13 16:40:03 2019: generate_static_index_html
Sun Oct 13 16:45:03 2019: generate_static_index_html
Sun Oct 13 16:50:23 2019: generate_static_index_html
Sun Oct 13 16:55:31 2019: generate_static_index_html
Sun Oct 13 17:00:47 2019: generate_static_index_html
Sun Oct 13 17:05:20 2019: generate_static_index_html
Sun Oct 13 17:25:07 2019: generate_static_index_html
Sun Oct 13 17:40:05 2019: generate_static_index_html
Sun Oct 13 17:45:16 2019: generate_static_index_html
Sun Oct 13 17:50:04 2019: generate_static_index_html
Sun Oct 13 17:55:04 2019: generate_static_index_html
Sun Oct 13 18:00:03 2019: generate_static_index_html
Sun Oct 13 18:05:03 2019: generate_static_index_html
Sun Oct 13 18:10:03 2019: generate_static_index_html
Sun Oct 13 18:15:02 2019: generate_static_index_html
Sun Oct 13 18:20:04 2019: generate_static_index_html
Sun Oct 13 18:25:05 2019: generate_static_index_html
Sun Oct 13 18:30:06 2019: generate_static_index_html
Sun Oct 13 18:35:05 2019: generate_static_index_html
Sun Oct 13 18:40:25 2019: generate_static_index_html
Sun Oct 13 18:45:20 2019: generate_static_index_html
Sun Oct 13 18:50:18 2019: generate_static_index_html
Sun Oct 13 18:55:11 2019: generate_static_index_html
Sun Oct 13 19:00:12 2019: generate_static_index_html
Sun Oct 13 19:05:05 2019: generate_static_index_html
Sun Oct 13 19:10:24 2019: generate_static_index_html
Sun Oct 13 19:15:21 2019: generate_static_index_html
Sun Oct 13 19:20:04 2019: generate_static_index_html
Sun Oct 13 19:25:04 2019: generate_static_index_html
Sun Oct 13 19:30:06 2019: generate_static_index_html
Sun Oct 13 19:35:20 2019: generate_static_index_html
Sun Oct 13 19:40:05 2019: generate_static_index_html
Sun Oct 13 19:45:02 2019: generate_static_index_html
Sun Oct 13 19:50:04 2019: generate_static_index_html
Sun Oct 13 19:55:03 2019: generate_static_index_html
Sun Oct 13 20:00:02 2019: generate_static_index_html
Sun Oct 13 20:05:03 2019: generate_static_index_html
Sun Oct 13 20:10:03 2019: generate_static_index_html
Sun Oct 13 20:15:04 2019: generate_static_index_html
Sun Oct 13 20:20:04 2019: generate_static_index_html
Sun Oct 13 20:25:03 2019: generate_static_index_html
Sun Oct 13 20:30:03 2019: generate_static_index_html
Sun Oct 13 20:35:05 2019: generate_static_index_html
Sun Oct 13 20:40:04 2019: generate_static_index_html
Sun Oct 13 20:45:05 2019: generate_static_index_html
Sun Oct 13 20:50:04 2019: generate_static_index_html
Sun Oct 13 20:55:03 2019: generate_static_index_html
Sun Oct 13 21:00:03 2019: generate_static_index_html
Sun Oct 13 21:05:03 2019: generate_static_index_html
Sun Oct 13 21:10:03 2019: generate_static_index_html
Sun Oct 13 21:15:09 2019: generate_static_index_html
Sun Oct 13 21:20:15 2019: generate_static_index_html
Sun Oct 13 21:25:17 2019: generate_static_index_html
Sun Oct 13 21:30:24 2019: generate_static_index_html
Sun Oct 13 21:35:03 2019: generate_static_index_html
Sun Oct 13 21:40:03 2019: generate_static_index_html
Sun Oct 13 21:45:03 2019: generate_static_index_html
Sun Oct 13 21:50:03 2019: generate_static_index_html
Sun Oct 13 21:55:03 2019: generate_static_index_html
Sun Oct 13 22:00:06 2019: generate_static_index_html
Sun Oct 13 22:05:02 2019: generate_static_index_html
Sun Oct 13 22:10:02 2019: generate_static_index_html
Mon Oct 14 07:55:12 2019: generate_static_index_html
Mon Oct 14 08:00:11 2019: generate_static_index_html
Mon Oct 14 08:05:03 2019: generate_static_index_html
Mon Oct 14 08:10:02 2019: generate_static_index_html
Mon Oct 14 08:15:03 2019: generate_static_index_html
Mon Oct 14 08:20:03 2019: generate_static_index_html
Mon Oct 14 08:25:16 2019: generate_static_index_html
Mon Oct 14 08:30:09 2019: generate_static_index_html
Mon Oct 14 08:35:05 2019: generate_static_index_html
Mon Oct 14 08:40:02 2019: generate_static_index_html
Mon Oct 14 08:45:03 2019: generate_static_index_html
Mon Oct 14 08:50:03 2019: generate_static_index_html
Mon Oct 14 08:55:03 2019: generate_static_index_html
Mon Oct 14 09:00:03 2019: generate_static_index_html
Mon Oct 14 09:05:03 2019: generate_static_index_html
Mon Oct 14 09:10:03 2019: generate_static_index_html
Mon Oct 14 09:15:34 2019: generate_static_index_html
Mon Oct 14 09:20:23 2019: generate_static_index_html
Mon Oct 14 09:25:23 2019: generate_static_index_html
Mon Oct 14 09:35:15 2019: generate_static_index_html
Mon Oct 14 09:40:08 2019: generate_static_index_html
Mon Oct 14 09:45:02 2019: generate_static_index_html
Mon Oct 14 09:50:03 2019: generate_static_index_html
Mon Oct 14 09:55:03 2019: generate_static_index_html
Mon Oct 14 10:00:03 2019: generate_static_index_html
Mon Oct 14 10:05:03 2019: generate_static_index_html
Mon Oct 14 10:10:03 2019: generate_static_index_html
Mon Oct 14 10:15:03 2019: generate_static_index_html
Mon Oct 14 10:20:03 2019: generate_static_index_html
Mon Oct 14 10:25:03 2019: generate_static_index_html
Mon Oct 14 10:30:03 2019: generate_static_index_html
Mon Oct 14 10:35:03 2019: generate_static_index_html
Mon Oct 14 10:40:02 2019: generate_static_index_html
Mon Oct 14 10:45:04 2019: generate_static_index_html
Mon Oct 14 10:50:02 2019: generate_static_index_html
Mon Oct 14 10:55:02 2019: generate_static_index_html
Mon Oct 14 11:00:02 2019: generate_static_index_html
Mon Oct 14 11:05:02 2019: generate_static_index_html
Mon Oct 14 11:10:02 2019: generate_static_index_html
Mon Oct 14 11:15:03 2019: generate_static_index_html
Mon Oct 14 11:21:44 2019: generate_static_index_html
Mon Oct 14 11:25:09 2019: generate_static_index_html
Mon Oct 14 11:30:03 2019: generate_static_index_html
Mon Oct 14 11:35:57 2019: generate_static_index_html
Mon Oct 14 11:41:15 2019: generate_static_index_html
Mon Oct 14 11:45:03 2019: generate_static_index_html
Mon Oct 14 11:50:02 2019: generate_static_index_html
Mon Oct 14 11:55:03 2019: generate_static_index_html
Mon Oct 14 12:00:02 2019: generate_static_index_html
Mon Oct 14 12:05:02 2019: generate_static_index_html
Mon Oct 14 12:10:03 2019: generate_static_index_html
Mon Oct 14 12:15:02 2019: generate_static_index_html
Mon Oct 14 12:20:02 2019: generate_static_index_html
Mon Oct 14 12:25:03 2019: generate_static_index_html
Mon Oct 14 12:30:03 2019: generate_static_index_html
Mon Oct 14 12:35:03 2019: generate_static_index_html
Mon Oct 14 12:40:07 2019: generate_static_index_html
Mon Oct 14 12:45:55 2019: generate_static_index_html
Mon Oct 14 13:00:15 2019: generate_static_index_html
Mon Oct 14 13:00:19 2019: generate_static_index_html
Mon Oct 14 13:15:08 2019: generate_static_index_html
Mon Oct 14 13:20:03 2019: generate_static_index_html
Mon Oct 14 13:30:02 2019: generate_static_index_html
Mon Oct 14 13:45:04 2019: generate_static_index_html
Mon Oct 14 13:50:04 2019: generate_static_index_html
Mon Oct 14 13:55:02 2019: generate_static_index_html
Mon Oct 14 14:00:02 2019: generate_static_index_html
Mon Oct 14 14:05:03 2019: generate_static_index_html
Mon Oct 14 14:15:57 2019: generate_static_index_html
Mon Oct 14 14:25:04 2019: generate_static_index_html
Mon Oct 14 14:30:05 2019: generate_static_index_html
Mon Oct 14 14:35:04 2019: generate_static_index_html
Mon Oct 14 14:41:18 2019: generate_static_index_html
Mon Oct 14 14:45:28 2019: generate_static_index_html
Mon Oct 14 14:50:37 2019: generate_static_index_html
Mon Oct 14 14:55:12 2019: generate_static_index_html
Mon Oct 14 15:02:19 2019: generate_static_index_html
Mon Oct 14 15:05:08 2019: generate_static_index_html
Mon Oct 14 15:10:04 2019: generate_static_index_html
Mon Oct 14 15:15:03 2019: generate_static_index_html
Mon Oct 14 15:20:02 2019: generate_static_index_html
Mon Oct 14 15:25:03 2019: generate_static_index_html
Mon Oct 14 15:30:13 2019: generate_static_index_html
Mon Oct 14 15:35:24 2019: generate_static_index_html
Mon Oct 14 15:40:26 2019: generate_static_index_html
Mon Oct 14 15:45:08 2019: generate_static_index_html
Mon Oct 14 15:50:05 2019: generate_static_index_html
Mon Oct 14 15:55:20 2019: generate_static_index_html
Mon Oct 14 16:03:01 2019: generate_static_index_html
Mon Oct 14 16:05:11 2019: generate_static_index_html
Mon Oct 14 16:10:05 2019: generate_static_index_html
Mon Oct 14 16:15:06 2019: generate_static_index_html
Mon Oct 14 16:20:03 2019: generate_static_index_html
Mon Oct 14 16:25:02 2019: generate_static_index_html
Mon Oct 14 16:30:08 2019: generate_static_index_html
Mon Oct 14 16:35:03 2019: generate_static_index_html
Mon Oct 14 16:40:10 2019: generate_static_index_html
Mon Oct 14 16:45:05 2019: generate_static_index_html
Mon Oct 14 16:50:03 2019: generate_static_index_html
Mon Oct 14 16:55:03 2019: generate_static_index_html
Mon Oct 14 17:00:02 2019: generate_static_index_html
Mon Oct 14 17:05:03 2019: generate_static_index_html
Mon Oct 14 17:10:04 2019: generate_static_index_html
Mon Oct 14 17:15:30 2019: generate_static_index_html
Mon Oct 14 17:20:03 2019: generate_static_index_html
Mon Oct 14 17:25:03 2019: generate_static_index_html
Mon Oct 14 17:30:04 2019: generate_static_index_html
Mon Oct 14 17:35:03 2019: generate_static_index_html
Mon Oct 14 17:40:14 2019: generate_static_index_html
Mon Oct 14 17:45:11 2019: generate_static_index_html
Mon Oct 14 17:50:03 2019: generate_static_index_html
Mon Oct 14 17:55:03 2019: generate_static_index_html
Mon Oct 14 18:00:02 2019: generate_static_index_html
Mon Oct 14 18:05:03 2019: generate_static_index_html
Mon Oct 14 18:10:03 2019: generate_static_index_html
Mon Oct 14 18:15:03 2019: generate_static_index_html
Mon Oct 14 18:20:02 2019: generate_static_index_html
Mon Oct 14 18:25:04 2019: generate_static_index_html
Mon Oct 14 18:30:03 2019: generate_static_index_html
Mon Oct 14 18:35:07 2019: generate_static_index_html
Mon Oct 14 18:40:04 2019: generate_static_index_html
Mon Oct 14 18:45:03 2019: generate_static_index_html
Mon Oct 14 18:50:02 2019: generate_static_index_html
Mon Oct 14 18:55:23 2019: generate_static_index_html
Mon Oct 14 19:00:29 2019: generate_static_index_html
Mon Oct 14 19:05:13 2019: generate_static_index_html
Mon Oct 14 19:11:09 2019: generate_static_index_html
Mon Oct 14 19:16:25 2019: generate_static_index_html
Mon Oct 14 19:20:04 2019: generate_static_index_html
Mon Oct 14 19:25:03 2019: generate_static_index_html
Mon Oct 14 19:30:25 2019: generate_static_index_html
Mon Oct 14 19:35:19 2019: generate_static_index_html
Mon Oct 14 19:40:19 2019: generate_static_index_html
Mon Oct 14 19:45:07 2019: generate_static_index_html
Mon Oct 14 19:50:04 2019: generate_static_index_html
Mon Oct 14 19:55:08 2019: generate_static_index_html
Mon Oct 14 20:00:03 2019: generate_static_index_html
Mon Oct 14 20:05:12 2019: generate_static_index_html
Mon Oct 14 20:10:03 2019: generate_static_index_html
Mon Oct 14 20:15:04 2019: generate_static_index_html
Mon Oct 14 20:20:03 2019: generate_static_index_html
Mon Oct 14 20:25:03 2019: generate_static_index_html
Mon Oct 14 20:30:12 2019: generate_static_index_html
Mon Oct 14 20:45:08 2019: generate_static_index_html
Mon Oct 14 20:50:03 2019: generate_static_index_html
Mon Oct 14 20:55:03 2019: generate_static_index_html
Mon Oct 14 21:00:03 2019: generate_static_index_html
Mon Oct 14 21:05:06 2019: generate_static_index_html
Mon Oct 14 21:10:02 2019: generate_static_index_html
Mon Oct 14 21:15:04 2019: generate_static_index_html
Mon Oct 14 21:20:04 2019: generate_static_index_html
Mon Oct 14 21:25:02 2019: generate_static_index_html
Mon Oct 14 21:32:30 2019: generate_static_index_html
Mon Oct 14 21:35:02 2019: generate_static_index_html
Mon Oct 14 21:40:03 2019: generate_static_index_html
Mon Oct 14 21:45:03 2019: generate_static_index_html
Mon Oct 14 21:50:03 2019: generate_static_index_html
Mon Oct 14 21:55:03 2019: generate_static_index_html
Mon Oct 14 22:00:02 2019: generate_static_index_html
Mon Oct 14 22:05:03 2019: generate_static_index_html
Mon Oct 14 22:10:03 2019: generate_static_index_html
Mon Oct 14 22:15:03 2019: generate_static_index_html
Mon Oct 14 22:40:02 2019: generate_static_index_html
Mon Oct 14 22:45:02 2019: generate_static_index_html
Mon Oct 14 22:50:04 2019: generate_static_index_html
Mon Oct 14 22:55:05 2019: generate_static_index_html
Mon Oct 14 23:00:03 2019: generate_static_index_html
Mon Oct 14 23:05:03 2019: generate_static_index_html
Mon Oct 14 23:10:03 2019: generate_static_index_html
Mon Oct 14 23:15:03 2019: generate_static_index_html
Mon Oct 14 23:20:03 2019: generate_static_index_html
Mon Oct 14 23:25:02 2019: generate_static_index_html
Mon Oct 14 23:30:02 2019: generate_static_index_html
Tue Oct 15 02:35:06 2019: generate_static_index_html
Tue Oct 15 08:25:23 2019: generate_static_index_html
Tue Oct 15 08:30:04 2019: generate_static_index_html
Tue Oct 15 08:35:04 2019: generate_static_index_html
Tue Oct 15 08:40:03 2019: generate_static_index_html
Tue Oct 15 08:45:04 2019: generate_static_index_html
Tue Oct 15 08:50:03 2019: generate_static_index_html
Tue Oct 15 08:55:03 2019: generate_static_index_html
Tue Oct 15 09:01:01 2019: generate_static_index_html
Tue Oct 15 09:05:29 2019: generate_static_index_html
Tue Oct 15 09:11:10 2019: generate_static_index_html
Tue Oct 15 09:15:38 2019: generate_static_index_html
Tue Oct 15 09:20:37 2019: generate_static_index_html
Tue Oct 15 09:25:19 2019: generate_static_index_html
Tue Oct 15 09:30:10 2019: generate_static_index_html
Tue Oct 15 09:35:11 2019: generate_static_index_html
Tue Oct 15 09:40:10 2019: generate_static_index_html
Tue Oct 15 09:45:04 2019: generate_static_index_html
Tue Oct 15 10:10:16 2019: generate_static_index_html
Tue Oct 15 10:25:09 2019: generate_static_index_html
Tue Oct 15 10:40:26 2019: generate_static_index_html
Tue Oct 15 10:50:03 2019: generate_static_index_html
Tue Oct 15 12:30:09 2019: generate_static_index_html
Tue Oct 15 12:35:03 2019: generate_static_index_html
Tue Oct 15 12:40:04 2019: generate_static_index_html
Tue Oct 15 12:55:02 2019: generate_static_index_html
Tue Oct 15 13:05:02 2019: generate_static_index_html
Tue Oct 15 13:10:03 2019: generate_static_index_html
Tue Oct 15 13:20:03 2019: generate_static_index_html
Tue Oct 15 13:25:42 2019: generate_static_index_html
Tue Oct 15 13:30:10 2019: generate_static_index_html
Tue Oct 15 13:40:04 2019: generate_static_index_html
Tue Oct 15 14:05:06 2019: generate_static_index_html
Tue Oct 15 14:10:03 2019: generate_static_index_html
Tue Oct 15 14:20:04 2019: generate_static_index_html
Tue Oct 15 14:25:03 2019: generate_static_index_html
Tue Oct 15 14:30:06 2019: generate_static_index_html
Tue Oct 15 14:35:05 2019: generate_static_index_html
Tue Oct 15 14:40:21 2019: generate_static_index_html
Tue Oct 15 14:45:07 2019: generate_static_index_html
Tue Oct 15 14:50:08 2019: generate_static_index_html
Tue Oct 15 14:55:04 2019: generate_static_index_html
Tue Oct 15 15:00:07 2019: generate_static_index_html
Tue Oct 15 15:05:05 2019: generate_static_index_html
Tue Oct 15 15:10:24 2019: generate_static_index_html
Tue Oct 15 15:15:11 2019: generate_static_index_html
Tue Oct 15 15:20:13 2019: generate_static_index_html
Tue Oct 15 15:25:05 2019: generate_static_index_html
Tue Oct 15 15:30:04 2019: generate_static_index_html
Tue Oct 15 15:35:05 2019: generate_static_index_html
Tue Oct 15 15:40:08 2019: generate_static_index_html
Tue Oct 15 15:45:03 2019: generate_static_index_html
Tue Oct 15 15:50:07 2019: generate_static_index_html
Tue Oct 15 15:55:11 2019: generate_static_index_html
Tue Oct 15 16:00:03 2019: generate_static_index_html
Tue Oct 15 16:05:04 2019: generate_static_index_html
Tue Oct 15 16:10:04 2019: generate_static_index_html
Tue Oct 15 16:15:04 2019: generate_static_index_html
Tue Oct 15 16:20:05 2019: generate_static_index_html
Tue Oct 15 16:25:04 2019: generate_static_index_html
Tue Oct 15 17:40:40 2019: generate_static_index_html
Tue Oct 15 17:45:03 2019: generate_static_index_html
Tue Oct 15 17:50:03 2019: generate_static_index_html
Tue Oct 15 17:55:03 2019: generate_static_index_html
Tue Oct 15 18:00:04 2019: generate_static_index_html
Tue Oct 15 18:05:08 2019: generate_static_index_html
Tue Oct 15 18:10:11 2019: generate_static_index_html
Tue Oct 15 18:15:04 2019: generate_static_index_html
Tue Oct 15 18:20:46 2019: generate_static_index_html
Tue Oct 15 18:25:14 2019: generate_static_index_html
Tue Oct 15 18:30:04 2019: generate_static_index_html
Tue Oct 15 18:35:33 2019: generate_static_index_html
Tue Oct 15 18:40:08 2019: generate_static_index_html
Tue Oct 15 18:45:08 2019: generate_static_index_html
Tue Oct 15 18:50:05 2019: generate_static_index_html
Tue Oct 15 18:55:04 2019: generate_static_index_html
Tue Oct 15 19:00:05 2019: generate_static_index_html
Tue Oct 15 19:05:13 2019: generate_static_index_html
Tue Oct 15 19:10:13 2019: generate_static_index_html
Tue Oct 15 19:15:11 2019: generate_static_index_html
Tue Oct 15 19:20:04 2019: generate_static_index_html
Tue Oct 15 19:25:03 2019: generate_static_index_html
Tue Oct 15 19:30:03 2019: generate_static_index_html
Tue Oct 15 19:35:02 2019: generate_static_index_html
Tue Oct 15 19:40:03 2019: generate_static_index_html
Tue Oct 15 19:46:09 2019: generate_static_index_html
Tue Oct 15 19:50:29 2019: generate_static_index_html
Tue Oct 15 19:55:04 2019: generate_static_index_html
Tue Oct 15 20:00:05 2019: generate_static_index_html
Tue Oct 15 20:05:04 2019: generate_static_index_html
Tue Oct 15 20:45:30 2019: generate_static_index_html
Tue Oct 15 20:55:04 2019: generate_static_index_html
Tue Oct 15 21:00:04 2019: generate_static_index_html
Tue Oct 15 21:05:07 2019: generate_static_index_html
Tue Oct 15 21:10:30 2019: generate_static_index_html
Tue Oct 15 21:15:06 2019: generate_static_index_html
Tue Oct 15 21:20:03 2019: generate_static_index_html
Tue Oct 15 21:25:04 2019: generate_static_index_html
Tue Oct 15 21:35:03 2019: generate_static_index_html
Wed Oct 16 08:35:04 2019: generate_static_index_html
Wed Oct 16 08:40:05 2019: generate_static_index_html
Wed Oct 16 08:45:04 2019: generate_static_index_html
Wed Oct 16 08:50:09 2019: generate_static_index_html
Wed Oct 16 08:57:50 2019: generate_static_index_html
Wed Oct 16 09:05:19 2019: generate_static_index_html
Wed Oct 16 09:12:26 2019: generate_static_index_html
Wed Oct 16 09:15:19 2019: generate_static_index_html
Wed Oct 16 09:20:20 2019: generate_static_index_html
Wed Oct 16 09:25:07 2019: generate_static_index_html
Wed Oct 16 09:30:02 2019: generate_static_index_html
Wed Oct 16 09:35:03 2019: generate_static_index_html
Wed Oct 16 09:40:06 2019: generate_static_index_html
Wed Oct 16 09:45:05 2019: generate_static_index_html
Wed Oct 16 09:50:05 2019: generate_static_index_html
Wed Oct 16 09:55:07 2019: generate_static_index_html
Wed Oct 16 10:00:20 2019: generate_static_index_html
Wed Oct 16 10:05:13 2019: generate_static_index_html
Wed Oct 16 10:10:06 2019: generate_static_index_html
Wed Oct 16 10:15:11 2019: generate_static_index_html
Wed Oct 16 10:20:08 2019: generate_static_index_html
Wed Oct 16 10:25:09 2019: generate_static_index_html
Wed Oct 16 10:30:04 2019: generate_static_index_html
Wed Oct 16 10:35:06 2019: generate_static_index_html
Wed Oct 16 10:40:10 2019: generate_static_index_html
Wed Oct 16 10:45:09 2019: generate_static_index_html
Wed Oct 16 10:50:13 2019: generate_static_index_html
Wed Oct 16 10:55:07 2019: generate_static_index_html
Wed Oct 16 11:00:04 2019: generate_static_index_html
Wed Oct 16 11:05:04 2019: generate_static_index_html
Wed Oct 16 11:10:03 2019: generate_static_index_html
Wed Oct 16 11:15:09 2019: generate_static_index_html
Wed Oct 16 11:20:06 2019: generate_static_index_html
Wed Oct 16 11:25:07 2019: generate_static_index_html
Wed Oct 16 11:30:07 2019: generate_static_index_html
Wed Oct 16 11:35:08 2019: generate_static_index_html
Wed Oct 16 11:40:31 2019: generate_static_index_html
Wed Oct 16 11:45:13 2019: generate_static_index_html
Wed Oct 16 11:50:04 2019: generate_static_index_html
Wed Oct 16 11:55:03 2019: generate_static_index_html
Wed Oct 16 12:00:03 2019: generate_static_index_html
Wed Oct 16 12:05:03 2019: generate_static_index_html
Wed Oct 16 12:10:04 2019: generate_static_index_html
Wed Oct 16 12:15:03 2019: generate_static_index_html
Wed Oct 16 12:20:09 2019: generate_static_index_html
Wed Oct 16 12:25:27 2019: generate_static_index_html
Wed Oct 16 12:30:09 2019: generate_static_index_html
Wed Oct 16 12:35:04 2019: generate_static_index_html
Wed Oct 16 12:40:04 2019: generate_static_index_html
Wed Oct 16 12:45:03 2019: generate_static_index_html
Wed Oct 16 12:50:03 2019: generate_static_index_html
Wed Oct 16 12:55:03 2019: generate_static_index_html
Wed Oct 16 13:00:03 2019: generate_static_index_html
Wed Oct 16 13:05:03 2019: generate_static_index_html
Wed Oct 16 13:10:05 2019: generate_static_index_html
Wed Oct 16 13:15:03 2019: generate_static_index_html
Wed Oct 16 13:20:03 2019: generate_static_index_html
Wed Oct 16 13:25:03 2019: generate_static_index_html
Wed Oct 16 13:30:04 2019: generate_static_index_html
Wed Oct 16 13:35:04 2019: generate_static_index_html
Wed Oct 16 13:40:05 2019: generate_static_index_html
Wed Oct 16 13:45:03 2019: generate_static_index_html
Wed Oct 16 13:50:03 2019: generate_static_index_html
Wed Oct 16 13:55:03 2019: generate_static_index_html
Wed Oct 16 14:00:03 2019: generate_static_index_html
Wed Oct 16 14:05:03 2019: generate_static_index_html
Wed Oct 16 14:10:03 2019: generate_static_index_html
Wed Oct 16 14:15:03 2019: generate_static_index_html
Wed Oct 16 14:20:03 2019: generate_static_index_html
Wed Oct 16 14:25:04 2019: generate_static_index_html
Wed Oct 16 14:30:04 2019: generate_static_index_html
Wed Oct 16 14:35:32 2019: generate_static_index_html
Wed Oct 16 14:41:18 2019: generate_static_index_html
Wed Oct 16 14:46:18 2019: generate_static_index_html
Wed Oct 16 14:50:03 2019: generate_static_index_html
Wed Oct 16 14:55:03 2019: generate_static_index_html
Wed Oct 16 15:00:03 2019: generate_static_index_html
Wed Oct 16 15:05:03 2019: generate_static_index_html
Wed Oct 16 15:10:03 2019: generate_static_index_html
Wed Oct 16 15:15:03 2019: generate_static_index_html
Wed Oct 16 15:25:23 2019: generate_static_index_html
Wed Oct 16 15:30:04 2019: generate_static_index_html
Wed Oct 16 15:50:06 2019: generate_static_index_html
Wed Oct 16 15:55:06 2019: generate_static_index_html
Wed Oct 16 16:05:08 2019: generate_static_index_html
Wed Oct 16 16:10:03 2019: generate_static_index_html
Wed Oct 16 16:15:04 2019: generate_static_index_html
Thu Oct 17 08:55:05 2019: generate_static_index_html
Thu Oct 17 09:00:03 2019: generate_static_index_html
Thu Oct 17 09:05:04 2019: generate_static_index_html
Thu Oct 17 09:15:02 2019: generate_static_index_html
Thu Oct 17 09:20:03 2019: generate_static_index_html
Thu Oct 17 09:30:04 2019: generate_static_index_html
Thu Oct 17 09:50:05 2019: generate_static_index_html
Thu Oct 17 09:55:03 2019: generate_static_index_html
Thu Oct 17 10:00:03 2019: generate_static_index_html
Thu Oct 17 10:05:02 2019: generate_static_index_html
Thu Oct 17 10:20:02 2019: generate_static_index_html
Thu Oct 17 10:25:03 2019: generate_static_index_html
Thu Oct 17 10:45:04 2019: generate_static_index_html
Thu Oct 17 10:50:03 2019: generate_static_index_html
Thu Oct 17 10:55:04 2019: generate_static_index_html
Thu Oct 17 11:05:03 2019: generate_static_index_html
Thu Oct 17 11:20:04 2019: generate_static_index_html
Thu Oct 17 11:25:04 2019: generate_static_index_html
Thu Oct 17 11:30:03 2019: generate_static_index_html
Thu Oct 17 11:50:03 2019: generate_static_index_html
Thu Oct 17 11:55:03 2019: generate_static_index_html
Thu Oct 17 12:00:03 2019: generate_static_index_html
Thu Oct 17 12:05:02 2019: generate_static_index_html
Thu Oct 17 12:10:02 2019: generate_static_index_html
Thu Oct 17 12:15:03 2019: generate_static_index_html
Thu Oct 17 12:25:03 2019: generate_static_index_html
Thu Oct 17 12:35:03 2019: generate_static_index_html
Thu Oct 17 12:40:04 2019: generate_static_index_html
Thu Oct 17 13:00:03 2019: generate_static_index_html
Thu Oct 17 13:05:03 2019: generate_static_index_html
Thu Oct 17 13:10:02 2019: generate_static_index_html
Thu Oct 17 13:20:03 2019: generate_static_index_html
Thu Oct 17 13:25:03 2019: generate_static_index_html
Thu Oct 17 13:30:03 2019: generate_static_index_html
Thu Oct 17 13:35:03 2019: generate_static_index_html
Thu Oct 17 13:45:04 2019: generate_static_index_html
Thu Oct 17 13:50:04 2019: generate_static_index_html
Thu Oct 17 14:00:03 2019: generate_static_index_html
Thu Oct 17 14:05:03 2019: generate_static_index_html
Thu Oct 17 14:10:03 2019: generate_static_index_html
Thu Oct 17 14:20:03 2019: generate_static_index_html
Thu Oct 17 14:25:03 2019: generate_static_index_html
Thu Oct 17 14:30:04 2019: generate_static_index_html
Thu Oct 17 14:40:03 2019: generate_static_index_html
Thu Oct 17 14:45:03 2019: generate_static_index_html
Thu Oct 17 14:55:03 2019: generate_static_index_html
Thu Oct 17 15:00:03 2019: generate_static_index_html
Thu Oct 17 15:05:05 2019: generate_static_index_html
Thu Oct 17 15:10:03 2019: generate_static_index_html
Thu Oct 17 15:15:04 2019: generate_static_index_html
Thu Oct 17 15:20:03 2019: generate_static_index_html
Thu Oct 17 15:30:03 2019: generate_static_index_html
Thu Oct 17 15:40:04 2019: generate_static_index_html
Thu Oct 17 15:55:06 2019: generate_static_index_html
Thu Oct 17 16:10:04 2019: generate_static_index_html
Thu Oct 17 16:15:03 2019: generate_static_index_html
Thu Oct 17 16:20:03 2019: generate_static_index_html
Thu Oct 17 16:40:07 2019: generate_static_index_html
Thu Oct 17 16:45:04 2019: generate_static_index_html
Thu Oct 17 16:55:03 2019: generate_static_index_html
Thu Oct 17 17:00:03 2019: generate_static_index_html
Thu Oct 17 17:05:03 2019: generate_static_index_html
Thu Oct 17 17:25:04 2019: generate_static_index_html
Thu Oct 17 17:35:04 2019: generate_static_index_html
Thu Oct 17 17:50:03 2019: generate_static_index_html
Thu Oct 17 17:55:03 2019: generate_static_index_html
Thu Oct 17 18:15:03 2019: generate_static_index_html
Thu Oct 17 18:30:03 2019: generate_static_index_html
Thu Oct 17 18:40:03 2019: generate_static_index_html
Thu Oct 17 18:50:04 2019: generate_static_index_html
Thu Oct 17 19:10:04 2019: generate_static_index_html
Thu Oct 17 19:15:03 2019: generate_static_index_html
Thu Oct 17 19:20:03 2019: generate_static_index_html
Thu Oct 17 19:25:05 2019: generate_static_index_html
Thu Oct 17 19:30:03 2019: generate_static_index_html
Thu Oct 17 19:35:04 2019: generate_static_index_html
Thu Oct 17 19:45:04 2019: generate_static_index_html
Thu Oct 17 19:50:04 2019: generate_static_index_html
Thu Oct 17 20:35:04 2019: generate_static_index_html
Thu Oct 17 20:40:03 2019: generate_static_index_html
Thu Oct 17 21:05:06 2019: generate_static_index_html
Fri Oct 18 09:45:04 2019: generate_static_index_html
Fri Oct 18 10:00:03 2019: generate_static_index_html
Fri Oct 18 10:15:04 2019: generate_static_index_html
Fri Oct 18 10:20:04 2019: generate_static_index_html
Fri Oct 18 10:25:03 2019: generate_static_index_html
Fri Oct 18 10:35:04 2019: generate_static_index_html
Fri Oct 18 10:40:05 2019: generate_static_index_html
Fri Oct 18 10:50:06 2019: generate_static_index_html
Fri Oct 18 10:55:06 2019: generate_static_index_html
Fri Oct 18 11:00:04 2019: generate_static_index_html
Fri Oct 18 11:05:04 2019: generate_static_index_html
Fri Oct 18 11:20:05 2019: generate_static_index_html
Fri Oct 18 11:30:06 2019: generate_static_index_html
Fri Oct 18 11:45:05 2019: generate_static_index_html
Fri Oct 18 12:00:04 2019: generate_static_index_html
Fri Oct 18 12:45:05 2019: generate_static_index_html
Fri Oct 18 12:50:05 2019: generate_static_index_html
Fri Oct 18 12:55:04 2019: generate_static_index_html
Mon Oct 21 09:55:09 2019: generate_static_index_html
Mon Oct 21 10:10:05 2019: generate_static_index_html
Mon Oct 21 10:15:06 2019: generate_static_index_html
Mon Oct 21 10:20:31 2019: generate_static_index_html
Mon Oct 21 10:25:04 2019: generate_static_index_html
Mon Oct 21 10:40:04 2019: generate_static_index_html
Mon Oct 21 10:45:15 2019: generate_static_index_html
Mon Oct 21 10:50:08 2019: generate_static_index_html
Mon Oct 21 10:55:15 2019: generate_static_index_html
Mon Oct 21 11:01:11 2019: generate_static_index_html
Mon Oct 21 11:06:31 2019: generate_static_index_html
Mon Oct 21 11:10:26 2019: generate_static_index_html
Mon Oct 21 11:15:09 2019: generate_static_index_html
Mon Oct 21 14:55:07 2019: generate_static_index_html
Mon Oct 21 15:00:10 2019: generate_static_index_html
Mon Oct 21 15:05:03 2019: generate_static_index_html
Mon Oct 21 15:10:05 2019: generate_static_index_html
Mon Oct 21 15:15:09 2019: generate_static_index_html
Mon Oct 21 15:20:06 2019: generate_static_index_html
Mon Oct 21 15:25:03 2019: generate_static_index_html
Mon Oct 21 15:30:03 2019: generate_static_index_html
Mon Oct 21 15:35:33 2019: generate_static_index_html
Mon Oct 21 15:40:15 2019: generate_static_index_html
Mon Oct 21 15:45:42 2019: generate_static_index_html
Mon Oct 21 15:50:35 2019: generate_static_index_html
Mon Oct 21 15:55:06 2019: generate_static_index_html
Mon Oct 21 16:00:04 2019: generate_static_index_html
Mon Oct 21 16:05:12 2019: generate_static_index_html
Mon Oct 21 16:10:07 2019: generate_static_index_html
Mon Oct 21 16:15:06 2019: generate_static_index_html
Mon Oct 21 16:20:35 2019: generate_static_index_html
Mon Oct 21 16:25:51 2019: generate_static_index_html
Mon Oct 21 16:30:10 2019: generate_static_index_html
Mon Oct 21 16:35:03 2019: generate_static_index_html
Mon Oct 21 16:40:04 2019: generate_static_index_html
Mon Oct 21 16:45:04 2019: generate_static_index_html
Mon Oct 21 16:50:04 2019: generate_static_index_html
Mon Oct 21 16:55:03 2019: generate_static_index_html
Mon Oct 21 17:00:04 2019: generate_static_index_html
Mon Oct 21 17:05:24 2019: generate_static_index_html
Mon Oct 21 17:10:15 2019: generate_static_index_html
Mon Oct 21 17:15:12 2019: generate_static_index_html
Mon Oct 21 17:20:08 2019: generate_static_index_html
Mon Oct 21 17:25:11 2019: generate_static_index_html
Mon Oct 21 17:30:05 2019: generate_static_index_html
Mon Oct 21 17:35:05 2019: generate_static_index_html
Mon Oct 21 17:40:07 2019: generate_static_index_html
Mon Oct 21 17:45:08 2019: generate_static_index_html
Mon Oct 21 17:50:05 2019: generate_static_index_html
Mon Oct 21 17:55:03 2019: generate_static_index_html
Mon Oct 21 18:00:03 2019: generate_static_index_html
Mon Oct 21 18:05:05 2019: generate_static_index_html
Mon Oct 21 18:10:22 2019: generate_static_index_html
Mon Oct 21 18:15:06 2019: generate_static_index_html
Mon Oct 21 18:20:06 2019: generate_static_index_html
Mon Oct 21 18:25:03 2019: generate_static_index_html
Mon Oct 21 18:30:16 2019: generate_static_index_html
Mon Oct 21 18:35:15 2019: generate_static_index_html
Mon Oct 21 19:05:11 2019: generate_static_index_html
Mon Oct 21 19:10:21 2019: generate_static_index_html
Mon Oct 21 19:16:06 2019: generate_static_index_html
Mon Oct 21 19:20:31 2019: generate_static_index_html
Mon Oct 21 19:25:54 2019: generate_static_index_html
Mon Oct 21 19:30:21 2019: generate_static_index_html
Mon Oct 21 19:36:42 2019: generate_static_index_html
Mon Oct 21 19:40:32 2019: generate_static_index_html
Mon Oct 21 19:45:24 2019: generate_static_index_html
Mon Oct 21 19:50:28 2019: generate_static_index_html
Mon Oct 21 19:55:43 2019: generate_static_index_html
Mon Oct 21 20:00:33 2019: generate_static_index_html
Mon Oct 21 20:05:10 2019: generate_static_index_html
Mon Oct 21 20:10:04 2019: generate_static_index_html
Mon Oct 21 20:15:04 2019: generate_static_index_html
Mon Oct 21 20:20:06 2019: generate_static_index_html
Mon Oct 21 20:25:06 2019: generate_static_index_html
Mon Oct 21 20:30:05 2019: generate_static_index_html
Mon Oct 21 20:35:04 2019: generate_static_index_html
Mon Oct 21 20:40:04 2019: generate_static_index_html
Mon Oct 21 20:45:06 2019: generate_static_index_html
Mon Oct 21 20:50:13 2019: generate_static_index_html
Mon Oct 21 20:55:09 2019: generate_static_index_html
Mon Oct 21 21:00:05 2019: generate_static_index_html
Mon Oct 21 21:05:07 2019: generate_static_index_html
Mon Oct 21 21:10:12 2019: generate_static_index_html
Mon Oct 21 21:15:13 2019: generate_static_index_html
Tue Oct 22 08:40:10 2019: generate_static_index_html
Tue Oct 22 08:45:05 2019: generate_static_index_html
Tue Oct 22 08:50:04 2019: generate_static_index_html
Tue Oct 22 08:55:05 2019: generate_static_index_html
Tue Oct 22 09:00:19 2019: generate_static_index_html
Tue Oct 22 09:05:18 2019: generate_static_index_html
Tue Oct 22 09:10:10 2019: generate_static_index_html
Tue Oct 22 09:15:06 2019: generate_static_index_html
Tue Oct 22 09:20:04 2019: generate_static_index_html
Tue Oct 22 09:25:06 2019: generate_static_index_html
Tue Oct 22 09:30:05 2019: generate_static_index_html
Tue Oct 22 09:35:07 2019: generate_static_index_html
Tue Oct 22 09:40:12 2019: generate_static_index_html
Tue Oct 22 09:45:10 2019: generate_static_index_html
Tue Oct 22 09:50:07 2019: generate_static_index_html
Tue Oct 22 09:55:05 2019: generate_static_index_html
Tue Oct 22 10:00:03 2019: generate_static_index_html
Tue Oct 22 10:05:03 2019: generate_static_index_html
Tue Oct 22 10:10:03 2019: generate_static_index_html
Tue Oct 22 10:15:15 2019: generate_static_index_html
Tue Oct 22 10:35:17 2019: generate_static_index_html
Tue Oct 22 10:40:28 2019: generate_static_index_html
Tue Oct 22 10:45:26 2019: generate_static_index_html
Tue Oct 22 10:50:28 2019: generate_static_index_html
Tue Oct 22 10:55:06 2019: generate_static_index_html
Tue Oct 22 11:00:06 2019: generate_static_index_html
Tue Oct 22 11:05:11 2019: generate_static_index_html
Tue Oct 22 11:10:22 2019: generate_static_index_html
Tue Oct 22 11:15:05 2019: generate_static_index_html
Tue Oct 22 11:20:14 2019: generate_static_index_html
Tue Oct 22 11:25:04 2019: generate_static_index_html
Tue Oct 22 11:30:39 2019: generate_static_index_html
Tue Oct 22 11:35:09 2019: generate_static_index_html
Tue Oct 22 11:40:18 2019: generate_static_index_html
Tue Oct 22 11:45:46 2019: generate_static_index_html
Tue Oct 22 11:50:08 2019: generate_static_index_html
Tue Oct 22 11:55:06 2019: generate_static_index_html
Tue Oct 22 12:00:03 2019: generate_static_index_html
Tue Oct 22 12:05:03 2019: generate_static_index_html
Tue Oct 22 12:10:39 2019: generate_static_index_html
Tue Oct 22 12:15:28 2019: generate_static_index_html
Tue Oct 22 12:20:10 2019: generate_static_index_html
Tue Oct 22 12:25:06 2019: generate_static_index_html
Tue Oct 22 12:30:26 2019: generate_static_index_html
Tue Oct 22 12:35:16 2019: generate_static_index_html
Tue Oct 22 13:05:22 2019: generate_static_index_html
Tue Oct 22 13:10:14 2019: generate_static_index_html
Tue Oct 22 13:15:25 2019: generate_static_index_html
Tue Oct 22 13:20:17 2019: generate_static_index_html
Tue Oct 22 13:25:04 2019: generate_static_index_html
Tue Oct 22 13:30:03 2019: generate_static_index_html
Tue Oct 22 13:35:03 2019: generate_static_index_html
Tue Oct 22 13:40:03 2019: generate_static_index_html
Tue Oct 22 13:45:03 2019: generate_static_index_html
Tue Oct 22 13:50:09 2019: generate_static_index_html
Tue Oct 22 13:55:27 2019: generate_static_index_html
Tue Oct 22 14:00:09 2019: generate_static_index_html
Tue Oct 22 14:05:13 2019: generate_static_index_html
Tue Oct 22 14:10:14 2019: generate_static_index_html
Tue Oct 22 14:15:05 2019: generate_static_index_html
Tue Oct 22 14:20:04 2019: generate_static_index_html
Tue Oct 22 14:25:04 2019: generate_static_index_html
Tue Oct 22 14:30:24 2019: generate_static_index_html
Tue Oct 22 14:35:33 2019: generate_static_index_html
Tue Oct 22 14:40:41 2019: generate_static_index_html
Tue Oct 22 14:45:55 2019: generate_static_index_html
Tue Oct 22 14:50:36 2019: generate_static_index_html
Tue Oct 22 14:55:35 2019: generate_static_index_html
Tue Oct 22 15:00:23 2019: generate_static_index_html
Tue Oct 22 15:05:10 2019: generate_static_index_html
Tue Oct 22 15:10:03 2019: generate_static_index_html
Tue Oct 22 15:15:16 2019: generate_static_index_html
Tue Oct 22 15:21:05 2019: generate_static_index_html
Tue Oct 22 15:25:10 2019: generate_static_index_html
Tue Oct 22 15:30:03 2019: generate_static_index_html
Tue Oct 22 15:35:03 2019: generate_static_index_html
Tue Oct 22 15:40:04 2019: generate_static_index_html
Tue Oct 22 15:45:06 2019: generate_static_index_html
Tue Oct 22 15:50:10 2019: generate_static_index_html
Tue Oct 22 15:55:04 2019: generate_static_index_html
Tue Oct 22 16:00:06 2019: generate_static_index_html
Tue Oct 22 16:05:05 2019: generate_static_index_html
Tue Oct 22 16:10:08 2019: generate_static_index_html
Tue Oct 22 16:15:36 2019: generate_static_index_html
Tue Oct 22 16:35:13 2019: generate_static_index_html
Tue Oct 22 16:40:14 2019: generate_static_index_html
Tue Oct 22 16:45:14 2019: generate_static_index_html
Tue Oct 22 16:50:08 2019: generate_static_index_html
Tue Oct 22 16:55:27 2019: generate_static_index_html
Tue Oct 22 17:00:17 2019: generate_static_index_html
Tue Oct 22 17:05:17 2019: generate_static_index_html
Tue Oct 22 17:10:46 2019: generate_static_index_html
Tue Oct 22 17:16:51 2019: generate_static_index_html
Tue Oct 22 17:20:42 2019: generate_static_index_html
Tue Oct 22 17:25:13 2019: generate_static_index_html
Tue Oct 22 17:30:08 2019: generate_static_index_html
Tue Oct 22 17:35:08 2019: generate_static_index_html
Tue Oct 22 17:40:17 2019: generate_static_index_html
Tue Oct 22 17:45:07 2019: generate_static_index_html
Tue Oct 22 17:50:06 2019: generate_static_index_html
Tue Oct 22 17:55:09 2019: generate_static_index_html
Tue Oct 22 18:00:05 2019: generate_static_index_html
Tue Oct 22 18:05:06 2019: generate_static_index_html
Tue Oct 22 18:30:03 2019: generate_static_index_html
Tue Oct 22 18:35:05 2019: generate_static_index_html
Tue Oct 22 18:40:24 2019: generate_static_index_html
Tue Oct 22 18:45:10 2019: generate_static_index_html
Tue Oct 22 18:50:03 2019: generate_static_index_html
Tue Oct 22 18:55:17 2019: generate_static_index_html
Tue Oct 22 19:00:05 2019: generate_static_index_html
Tue Oct 22 19:05:05 2019: generate_static_index_html
Tue Oct 22 19:10:05 2019: generate_static_index_html
Tue Oct 22 19:15:04 2019: generate_static_index_html
Tue Oct 22 19:20:03 2019: generate_static_index_html
Tue Oct 22 19:25:04 2019: generate_static_index_html
Tue Oct 22 19:30:04 2019: generate_static_index_html
Tue Oct 22 19:35:04 2019: generate_static_index_html
Tue Oct 22 19:40:03 2019: generate_static_index_html
Tue Oct 22 19:45:03 2019: generate_static_index_html
Tue Oct 22 19:50:04 2019: generate_static_index_html
Tue Oct 22 19:55:03 2019: generate_static_index_html
Tue Oct 22 20:00:04 2019: generate_static_index_html
Tue Oct 22 20:05:04 2019: generate_static_index_html
Tue Oct 22 20:10:03 2019: generate_static_index_html
Tue Oct 22 20:15:04 2019: generate_static_index_html
Tue Oct 22 20:20:08 2019: generate_static_index_html
Tue Oct 22 20:25:04 2019: generate_static_index_html
Tue Oct 22 20:30:03 2019: generate_static_index_html
Tue Oct 22 20:35:04 2019: generate_static_index_html
Tue Oct 22 20:40:03 2019: generate_static_index_html
Tue Oct 22 20:45:04 2019: generate_static_index_html
Tue Oct 22 20:50:03 2019: generate_static_index_html
Tue Oct 22 20:55:03 2019: generate_static_index_html
Tue Oct 22 21:00:03 2019: generate_static_index_html
Tue Oct 22 21:05:39 2019: generate_static_index_html
Tue Oct 22 21:10:03 2019: generate_static_index_html
Tue Oct 22 21:15:05 2019: generate_static_index_html
Tue Oct 22 21:20:03 2019: generate_static_index_html
Tue Oct 22 21:25:04 2019: generate_static_index_html
Tue Oct 22 21:30:06 2019: generate_static_index_html
Tue Oct 22 21:49:54 2019: generate_static_index_html
Wed Oct 23 08:22:15 2019: generate_static_index_html
Wed Oct 23 08:25:23 2019: generate_static_index_html
Wed Oct 23 08:30:21 2019: generate_static_index_html
Wed Oct 23 08:35:03 2019: generate_static_index_html
Wed Oct 23 08:40:03 2019: generate_static_index_html
Wed Oct 23 08:50:03 2019: generate_static_index_html
Wed Oct 23 08:55:03 2019: generate_static_index_html
Wed Oct 23 09:00:08 2019: generate_static_index_html
Wed Oct 23 09:05:03 2019: generate_static_index_html
Wed Oct 23 09:10:03 2019: generate_static_index_html
Wed Oct 23 09:15:04 2019: generate_static_index_html
Wed Oct 23 09:20:03 2019: generate_static_index_html
Wed Oct 23 09:25:04 2019: generate_static_index_html
Wed Oct 23 09:30:04 2019: generate_static_index_html
Wed Oct 23 09:45:03 2019: generate_static_index_html
Wed Oct 23 09:50:03 2019: generate_static_index_html
Wed Oct 23 09:55:12 2019: generate_static_index_html
Wed Oct 23 10:00:06 2019: generate_static_index_html
Wed Oct 23 10:05:04 2019: generate_static_index_html
Wed Oct 23 10:10:03 2019: generate_static_index_html
Wed Oct 23 10:15:04 2019: generate_static_index_html
Wed Oct 23 10:20:04 2019: generate_static_index_html
Wed Oct 23 10:25:13 2019: generate_static_index_html
Wed Oct 23 10:30:05 2019: generate_static_index_html
Wed Oct 23 10:35:06 2019: generate_static_index_html
